  Skeleton.cpp
D:\Toth.Kristof\Work\GrafikaHF_2\GrafikaHaziCsomag\Programs\Skeleton\Skeleton\framework.h(167,17): warning C4996: 'fopen': This function or variable may be unsafe. Consider using fopen_s instead. To disable deprecation, use _CRT_SECURE_NO_WARNINGS. See online help for details.
D:\Toth.Kristof\Work\GrafikaHF_2\GrafikaHaziCsomag\Programs\Skeleton\Skeleton\Skeleton.cpp(50,1): warning C4305: 'argument': truncation from 'double' to 'float'
D:\Toth.Kristof\Work\GrafikaHF_2\GrafikaHaziCsomag\Programs\Skeleton\Skeleton\Skeleton.cpp(115,154): warning C4244: 'argument': conversion from 'double' to 'float', possible loss of data
D:\Toth.Kristof\Work\GrafikaHF_2\GrafikaHaziCsomag\Programs\Skeleton\Skeleton\Skeleton.cpp(115,74): warning C4244: 'argument': conversion from 'double' to 'float', possible loss of data
D:\Toth.Kristof\Work\GrafikaHF_2\GrafikaHaziCsomag\Programs\Skeleton\Skeleton\Skeleton.cpp(131,22): warning C4305: 'initializing': truncation from 'double' to 'float'
D:\Toth.Kristof\Work\GrafikaHF_2\GrafikaHaziCsomag\Programs\Skeleton\Skeleton\Skeleton.cpp(132,22): warning C4305: 'initializing': truncation from 'double' to 'float'
D:\Toth.Kristof\Work\GrafikaHF_2\GrafikaHaziCsomag\Programs\Skeleton\Skeleton\Skeleton.cpp(289,20): warning C4244: 'initializing': conversion from 'double' to 'float', possible loss of data
D:\Toth.Kristof\Work\GrafikaHF_2\GrafikaHaziCsomag\Programs\Skeleton\Skeleton\Skeleton.cpp(321,1): warning C4305: 'initializing': truncation from 'double' to 'float'
D:\Toth.Kristof\Work\GrafikaHF_2\GrafikaHaziCsomag\Programs\Skeleton\Skeleton\Skeleton.cpp(331,1): warning C4305: 'argument': truncation from 'double' to 'float'
D:\Toth.Kristof\Work\GrafikaHF_2\GrafikaHaziCsomag\Programs\Skeleton\Skeleton\Skeleton.cpp(332,1): warning C4305: 'argument': truncation from 'double' to 'float'
D:\Toth.Kristof\Work\GrafikaHF_2\GrafikaHaziCsomag\Programs\Skeleton\Skeleton\Skeleton.cpp(359,27): warning C4244: 'argument': conversion from 'int' to 'float', possible loss of data
D:\Toth.Kristof\Work\GrafikaHF_2\GrafikaHaziCsomag\Programs\Skeleton\Skeleton\Skeleton.cpp(379,62): warning C4244: 'argument': conversion from 'double' to 'float', possible loss of data
D:\Toth.Kristof\Work\GrafikaHF_2\GrafikaHaziCsomag\Programs\Skeleton\Skeleton\Skeleton.cpp(392,62): warning C4244: 'argument': conversion from 'double' to 'float', possible loss of data
  Generating code
  13 of 349 functions ( 3.7%) were compiled, the rest were copied from previous compilation.
    1 functions were new in current compilation
    11 functions had inline decision re-evaluated but remain unchanged
  Finished generating code
  Skeleton.vcxproj -> D:\Toth.Kristof\Work\GrafikaHF_2\GrafikaHaziCsomag\Programs\Skeleton\bin\Skeleton.exe
